This is pdfeTeXk, Version 3.141592-1.21a-2.2 (Web2C 7.5.4) (format=pdflatex 2006.8.29)  30 OCT 2006 13:55
entering extended mode
 file:line:error style messages enabled.
**\nonstopmode \input /home/yves/plm_restauration/plm/inst/doc/plmEN.tex
(/home/yves/plm_restauration/plm/inst/doc/plmEN.tex
(/usr/share/texmf-tetex/tex/latex/base/article.cls
Document Class: article 2004/02/16 v1.4f Standard LaTeX document class
(/usr/share/texmf-tetex/tex/latex/base/size10.clo
File: size10.clo 2004/02/16 v1.4f Standard LaTeX file (size option)
)
\c@part=\count79
\c@section=\count80
\c@subsection=\count81
\c@subsubsection=\count82
\c@paragraph=\count83
\c@subparagraph=\count84
\c@figure=\count85
\c@table=\count86
\abovecaptionskip=\skip41
\belowcaptionskip=\skip42
\bibindent=\dimen102
)
(/usr/share/texmf-tetex/tex/latex/base/fontenc.sty
Package: fontenc 2004/02/22 v1.99f Standard LaTeX package

(/usr/share/texmf-tetex/tex/latex/base/t1enc.def
File: t1enc.def 2004/02/22 v1.99f Standard LaTeX file
LaTeX Font Info:    Redeclaring font encoding T1 on input line 43.
))
(/usr/share/texmf/tex/latex/ucs/ucs.sty
Package: ucs 2004/10/17 UCS: Unicode input support

(/usr/share/texmf/tex/latex/ucs/data/uni-global.def
File: uni-global.def 2005/04/14 UCS: Unicode global data
)
\uc@secondtry=\count87
\uc@combtoks=\toks14
\uc@combtoksb=\toks15
\uc@temptokena=\toks16
)
(/usr/share/texmf-tetex/tex/latex/base/inputenc.sty
Package: inputenc 2004/02/05 v1.0d Input encoding file

(/usr/share/texmf/tex/latex/ucs/utf8.def
File: utf8x.def 2004/10/17 UCS: Input encoding UTF-8
)) (/usr/share/R/share/texmf/Sweave.sty

LaTeX Warning: You have requested package `/usr/share/R/share/texmf/Sweave',
               but the package provides `Sweave'.

Package: Sweave 
(/usr/share/texmf-tetex/tex/latex/base/ifthen.sty
Package: ifthen 2001/05/26 v1.1c Standard LaTeX ifthen package (DPC)
)
(/usr/share/texmf-tetex/tex/latex/graphics/graphicx.sty
Package: graphicx 1999/02/16 v1.0f Enhanced LaTeX Graphics (DPC,SPQR)

(/usr/share/texmf-tetex/tex/latex/graphics/keyval.sty
Package: keyval 1999/03/16 v1.13 key=value parser (DPC)
\KV@toks@=\toks17
)
(/usr/share/texmf-tetex/tex/latex/graphics/graphics.sty
Package: graphics 2001/07/07 v1.0n Standard LaTeX Graphics (DPC,SPQR)

(/usr/share/texmf-tetex/tex/latex/graphics/trig.sty
Package: trig 1999/03/16 v1.09 sin cos tan (DPC)
)
(/usr/share/texmf-tetex/tex/latex/graphics/graphics.cfg
File: graphics.cfg 2005/02/03 v1.3 graphics configuration of teTeX/TeXLive
)
Package graphics Info: Driver file: pdftex.def on input line 80.

(/usr/share/texmf-tetex/tex/latex/graphics/pdftex.def
File: pdftex.def 2002/06/19 v0.03k graphics/color for pdftex
\Gread@gobject=\count88
))
\Gin@req@height=\dimen103
\Gin@req@width=\dimen104
)
(/usr/share/texmf-tetex/tex/latex/fancyvrb/fancyvrb.sty
Package: fancyvrb 1998/07/17

Style option: `fancyvrb' v2.6, with DG/SPQR fixes <1998/07/17> (tvz)
\FV@CodeLineNo=\count89
\FV@InFile=\read1
\FV@TabBox=\box26
\c@FancyVerbLine=\count90
\FV@StepNumber=\count91
\FV@OutFile=\write3

No file fancyvrb.cfg.
) (/usr/share/R/share/texmf/upquote.sty
Package: upquote 2003/08/11 v1.1 Covington's upright-quote modification to verb
atim and verb

(/usr/share/texmf-tetex/tex/latex/base/textcomp.sty
Package: textcomp 2004/02/22 v1.99f Standard LaTeX package
Package textcomp Info: Sub-encoding information:
(textcomp)               5 = only ISO-Adobe without \textcurrency
(textcomp)               4 = 5 + \texteuro
(textcomp)               3 = 4 + \textohm
(textcomp)               2 = 3 + \textestimated + \textcurrency
(textcomp)               1 = TS1 - \textcircled - \t
(textcomp)               0 = TS1 (full)
(textcomp)             Font families with sub-encoding setting implement
(textcomp)             only a restricted character set as indicated.
(textcomp)             Family '?' is the default used for unknown fonts.
(textcomp)             See the documentation for details.
Package textcomp Info: Setting ? sub-encoding to TS1/1 on input line 71.

(/usr/share/texmf-tetex/tex/latex/base/ts1enc.def
File: ts1enc.def 2001/06/05 v3.0e (jk/car/fm) Standard LaTeX file
)
LaTeX Info: Redefining \oldstylenums on input line 266.
Package textcomp Info: Setting cmr sub-encoding to TS1/0 on input line 281.
Package textcomp Info: Setting cmss sub-encoding to TS1/0 on input line 282.
Package textcomp Info: Setting cmtt sub-encoding to TS1/0 on input line 283.
Package textcomp Info: Setting cmvtt sub-encoding to TS1/0 on input line 284.
Package textcomp Info: Setting cmbr sub-encoding to TS1/0 on input line 285.
Package textcomp Info: Setting cmtl sub-encoding to TS1/0 on input line 286.
Package textcomp Info: Setting ccr sub-encoding to TS1/0 on input line 287.
Package textcomp Info: Setting ptm sub-encoding to TS1/4 on input line 288.
Package textcomp Info: Setting pcr sub-encoding to TS1/4 on input line 289.
Package textcomp Info: Setting phv sub-encoding to TS1/4 on input line 290.
Package textcomp Info: Setting ppl sub-encoding to TS1/3 on input line 291.
Package textcomp Info: Setting pag sub-encoding to TS1/4 on input line 292.
Package textcomp Info: Setting pbk sub-encoding to TS1/4 on input line 293.
Package textcomp Info: Setting pnc sub-encoding to TS1/4 on input line 294.
Package textcomp Info: Setting pzc sub-encoding to TS1/4 on input line 295.
Package textcomp Info: Setting bch sub-encoding to TS1/4 on input line 296.
Package textcomp Info: Setting put sub-encoding to TS1/5 on input line 297.
Package textcomp Info: Setting uag sub-encoding to TS1/5 on input line 298.
Package textcomp Info: Setting ugq sub-encoding to TS1/5 on input line 299.
Package textcomp Info: Setting ul8 sub-encoding to TS1/4 on input line 300.
Package textcomp Info: Setting ul9 sub-encoding to TS1/4 on input line 301.
Package textcomp Info: Setting augie sub-encoding to TS1/5 on input line 302.
Package textcomp Info: Setting dayrom sub-encoding to TS1/3 on input line 303.
Package textcomp Info: Setting dayroms sub-encoding to TS1/3 on input line 304.

Package textcomp Info: Setting pxr sub-encoding to TS1/0 on input line 305.
Package textcomp Info: Setting pxss sub-encoding to TS1/0 on input line 306.
Package textcomp Info: Setting pxtt sub-encoding to TS1/0 on input line 307.
Package textcomp Info: Setting txr sub-encoding to TS1/0 on input line 308.
Package textcomp Info: Setting txss sub-encoding to TS1/0 on input line 309.
Package textcomp Info: Setting txtt sub-encoding to TS1/0 on input line 310.
Package textcomp Info: Setting futs sub-encoding to TS1/4 on input line 311.
Package textcomp Info: Setting futx sub-encoding to TS1/4 on input line 312.
Package textcomp Info: Setting futj sub-encoding to TS1/4 on input line 313.
Package textcomp Info: Setting hlh sub-encoding to TS1/3 on input line 314.
Package textcomp Info: Setting hls sub-encoding to TS1/3 on input line 315.
Package textcomp Info: Setting hlst sub-encoding to TS1/3 on input line 316.
Package textcomp Info: Setting hlct sub-encoding to TS1/5 on input line 317.
Package textcomp Info: Setting hlx sub-encoding to TS1/5 on input line 318.
Package textcomp Info: Setting hlce sub-encoding to TS1/5 on input line 319.
Package textcomp Info: Setting hlcn sub-encoding to TS1/5 on input line 320.
Package textcomp Info: Setting hlcw sub-encoding to TS1/5 on input line 321.
Package textcomp Info: Setting hlcf sub-encoding to TS1/5 on input line 322.
Package textcomp Info: Setting pplx sub-encoding to TS1/3 on input line 323.
Package textcomp Info: Setting pplj sub-encoding to TS1/3 on input line 324.
Package textcomp Info: Setting ptmx sub-encoding to TS1/4 on input line 325.
Package textcomp Info: Setting ptmj sub-encoding to TS1/4 on input line 326.
))
(/usr/share/texmf-tetex/tex/latex/base/fontenc.sty
Package: fontenc 2004/02/22 v1.99f Standard LaTeX package

(/usr/share/texmf-tetex/tex/latex/base/t1enc.def
File: t1enc.def 2004/02/22 v1.99f Standard LaTeX file
LaTeX Font Info:    Redeclaring font encoding T1 on input line 43.
))
(/usr/share/texmf-tetex/tex/latex/ae/ae.sty
Package: ae 2001/02/12 1.3 Almost European Computer Modern

(/usr/share/texmf-tetex/tex/latex/base/fontenc.sty
Package: fontenc 2004/02/22 v1.99f Standard LaTeX package

(/usr/share/texmf-tetex/tex/latex/base/t1enc.def
File: t1enc.def 2004/02/22 v1.99f Standard LaTeX file
LaTeX Font Info:    Redeclaring font encoding T1 on input line 43.
)
LaTeX Font Info:    Try loading font information for T1+aer on input line 100.

(/usr/share/texmf-tetex/tex/latex/ae/t1aer.fd
File: t1aer.fd 1997/11/16 Font definitions for T1/aer.
)))) (./plmEN.aux)
\openout1 = `plmEN.aux'.

LaTeX Font Info:    Checking defaults for OML/cmm/m/it on input line 11.
LaTeX Font Info:    ... okay on input line 11.
LaTeX Font Info:    Checking defaults for T1/cmr/m/n on input line 11.
LaTeX Font Info:    ... okay on input line 11.
LaTeX Font Info:    Checking defaults for OT1/cmr/m/n on input line 11.
LaTeX Font Info:    ... okay on input line 11.
LaTeX Font Info:    Checking defaults for OMS/cmsy/m/n on input line 11.
LaTeX Font Info:    ... okay on input line 11.
LaTeX Font Info:    Checking defaults for OMX/cmex/m/n on input line 11.
LaTeX Font Info:    ... okay on input line 11.
LaTeX Font Info:    Checking defaults for U/cmr/m/n on input line 11.
LaTeX Font Info:    ... okay on input line 11.
LaTeX Font Info:    Checking defaults for TS1/cmr/m/n on input line 11.
LaTeX Font Info:    Try loading font information for TS1+cmr on input line 11.

(/usr/share/texmf-tetex/tex/latex/base/ts1cmr.fd
File: ts1cmr.fd 1999/05/25 v2.5h Standard LaTeX font definitions
)
LaTeX Font Info:    ... okay on input line 11.

(/usr/share/texmf/tex/latex/ucs/ucsencs.def
File: ucsencs.def 2003/11/29 Fixes to fontencodings LGR, T3
)
(/usr/share/texmf-tetex/tex/context/base/supp-pdf.tex
(/usr/share/texmf-tetex/tex/context/base/supp-mis.tex
loading : Context Support Macros / Miscellaneous (2004.10.26)
\protectiondepth=\count92
\scratchcounter=\count93
\scratchtoks=\toks18
\scratchdimen=\dimen105
\scratchskip=\skip43
\scratchmuskip=\muskip10
\scratchbox=\box27
\scratchread=\read2
\scratchwrite=\write4
\zeropoint=\dimen106
\onepoint=\dimen107
\onebasepoint=\dimen108
\minusone=\count94
\thousandpoint=\dimen109
\onerealpoint=\dimen110
\emptytoks=\toks19
\nextbox=\box28
\nextdepth=\dimen111
\everyline=\toks20
\!!counta=\count95
\!!countb=\count96
\recursecounter=\count97
)
loading : Context Support Macros / PDF (2004.03.26)
\nofMPsegments=\count98
\nofMParguments=\count99
\MPscratchCnt=\count100
\MPscratchDim=\dimen112
\MPnumerator=\count101
\everyMPtoPDFconversion=\toks21
)
LaTeX Font Info:    External font `cmex10' loaded for size
(Font)              <12> on input line 13.
LaTeX Font Info:    External font `cmex10' loaded for size
(Font)              <8> on input line 13.
LaTeX Font Info:    External font `cmex10' loaded for size
(Font)              <6> on input line 13.
LaTeX Font Info:    Try loading font information for T1+aett on input line 18.
 (/usr/share/texmf-tetex/tex/latex/ae/t1aett.fd
File: t1aett.fd 1997/11/16 Font definitions for T1/aett.
)
Overfull \hbox (10.6805pt too wide) in paragraph at lines 45--51
\T1/aer/m/n/10 With \T1/aett/m/n/10 plm\T1/aer/m/n/10 , data are stored in an o
b-ject of class \T1/aett/m/n/10 pdata.frame\T1/aer/m/n/10 , which is a \T1/aett
/m/n/10 data.frame
 []


Overfull \hbox (6.13399pt too wide) in paragraph at lines 45--51
\T1/aer/m/n/10 with ad-di-tional at-tributes de-scrib-ing the struc-ture of the
 data set. A \T1/aett/m/n/10 pdata.frame
 []

LaTeX Font Info:    Try loading font information for TS1+aer on input line 69.
(/usr/share/R/share/texmf/ts1aer.fd
File: ts1aer.fd 
)
LaTeX Font Info:    Font shape `TS1/aer/m/n' in size <10> not available
(Font)              Font shape `TS1/cmr/m/n' tried instead on input line 69.
 [1

{/var/lib/texmf/fonts/map/pdftex/updmap/pdftex.map}] [2] [3]
LaTeX Font Info:    External font `cmex10' loaded for size
(Font)              <7> on input line 214.
LaTeX Font Info:    External font `cmex10' loaded for size
(Font)              <5> on input line 214.
 [4]
LaTeX Font Info:    Try loading font information for TS1+aett on input line 308
.
 (/usr/share/R/share/texmf/ts1aett.fd
File: ts1aett.fd 
)
LaTeX Font Info:    Try loading font information for TS1+cmtt on input line 308
.

(/usr/share/texmf-tetex/tex/latex/base/ts1cmtt.fd
File: ts1cmtt.fd 1999/05/25 v2.5h Standard LaTeX font definitions
)
LaTeX Font Info:    Font shape `TS1/aett/m/n' in size <10> not available
(Font)              Font shape `TS1/cmtt/m/n' tried instead on input line 308.
 [5]
(/usr/share/texmf/tex/latex/ucs/data/uni-32.def
File: uni-32.def 2005/04/14 UCS: Unicode data U+2000..U+20FF
) [6] [7]
Overfull \hbox (3.56532pt too wide) in paragraph at lines 420--424
\T1/aer/m/n/10 The ran-dom ef-fect model is ob-tained as a lin-ear es-ti-ma-tio
n on quasi--differentiated
 []

[8] [9] [10]
Overfull \hbox (22.90562pt too wide) in paragraph at lines 607--609
[]\T1/aer/m/n/10 The in-stru-men-tal vari-ables es-ti-ma-tor used may be in-di-
cated with the \T1/aett/m/n/10 inst.method
 []

[11] [12] [13] [14] [15] [16] [17] [18] [19] [20] (./plmEN.aux) ) 
Here is how much of TeX's memory you used:
 2681 strings out of 94500
 36757 string characters out of 1175788
 85387 words of memory out of 1000000
 5772 multiletter control sequences out of 10000+50000
 40831 words of font info for 80 fonts, out of 500000 for 2000
 580 hyphenation exceptions out of 8191
 35i,8n,21p,393b,455s stack positions out of 1500i,500n,5000p,200000b,5000s
PDF statistics:
 102 PDF objects out of 300000
 0 named destinations out of 131072
 1 words of extra memory for PDF output out of 65536
</usr/share/te
xmf-tetex/fonts/type1/bluesky/cm/cmbx10.pfb> </var/cache/fonts/pk/ljfour/jknapp
en/tc/tctt1000.600pk></usr/share/texmf-tetex/fonts/type1/bluesky/cm/cmr8.pfb></
usr/share/texmf-tetex/fonts/type1/bluesky/cm/cmr6.pfb></usr/share/texmf-tetex/f
onts/type1/bluesky/cm/cmr7.pfb> </var/cache/fonts/pk/ljfour/jknappen/tc/tcrm100
0.600pk></usr/share/texmf-tetex/fonts/type1/bluesky/cm/cmcsc10.pfb></usr/share/
texmf-tetex/fonts/type1/bluesky/cm/cmsltt10.pfb></usr/share/texmf-tetex/fonts/t
ype1/bluesky/cm/cmti10.pfb></usr/share/texmf-tetex/fonts/type1/bluesky/cm/cmtt1
0.pfb></usr/share/texmf-tetex/fonts/type1/bluesky/cm/cmr10.pfb></usr/share/texm
f-tetex/fonts/type1/bluesky/cm/cmbx12.pfb></usr/share/texmf-tetex/fonts/type1/b
luesky/cm/cmr12.pfb></usr/share/texmf-tetex/fonts/type1/bluesky/cm/cmr17.pfb>
Output written on plmEN.pdf (20 pages, 145296 bytes).
